    OpenRGB v0.9+ (1.0rc2)
    Commit:  from 
    Launched: 20251221_132755
====================================================================================================

0     |Info:    [ProfileManager] Found file: CoffeeTheme.orp attempting to validate header
0     |Info:    [ProfileManager] Valid v5 profile found for CoffeeTheme
53    |Info:    [ResourceManager] Initializing HID interfaces: Success
53    |Info:    ------------------------------------------------------
53    |Info:    |               Start device detection               |
53    |Info:    ------------------------------------------------------
60    |Info:    ------------------------------------------------------
60    |Info:    |             Detecting I2C interfaces               |
60    |Info:    ------------------------------------------------------
60    |Info:    [ResourceManager] Registering I2C interface: /dev/i2c-3 Device 0000:0000 Subsystem: 0000:0000
60    |Info:    [ResourceManager] Registering I2C interface: /dev/i2c-10 Device 8086:4680 Subsystem: 1458:D000
60    |Info:    [ResourceManager] Registering I2C interface: /dev/i2c-1 Device 0000:0000 Subsystem: 0000:0000
60    |Info:    [ResourceManager] Registering I2C interface: /dev/i2c-8 Device 8086:4680 Subsystem: 1458:D000
60    |Warning: [i2c_smbus_linux] Failed to read i2c device PCI device ID
60    |Info:    [ResourceManager] Registering I2C interface: /dev/i2c-15 Device 0000:0000 Subsystem: 0000:0000
60    |Info:    [ResourceManager] Registering I2C interface: /dev/i2c-6 Device 8086:4680 Subsystem: 1458:D000
60    |Info:    [ResourceManager] Registering I2C interface: /dev/i2c-13 Device 8086:4680 Subsystem: 1458:D000
61    |Info:    [ResourceManager] Registering I2C interface: /dev/i2c-4 Device 0000:0000 Subsystem: 0000:0000
61    |Info:    [ResourceManager] Registering I2C interface: /dev/i2c-11 Device 8086:4680 Subsystem: 1458:D000
61    |Info:    [ResourceManager] Registering I2C interface: /dev/i2c-2 Device 0000:0000 Subsystem: 0000:0000
61    |Info:    [ResourceManager] Registering I2C interface: /dev/i2c-0 Device 0000:0000 Subsystem: 0000:0000
61    |Info:    [ResourceManager] Registering I2C interface: /dev/i2c-9 Device 8086:4680 Subsystem: 1458:D000
61    |Info:    [ResourceManager] Registering I2C interface: /dev/i2c-16 Device 8086:7A23 Subsystem: 1458:5001
61    |Info:    [ResourceManager] Registering I2C interface: /dev/i2c-7 Device 8086:4680 Subsystem: 1458:D000
61    |Info:    [ResourceManager] Registering I2C interface: /dev/i2c-14 Device 8086:4680 Subsystem: 1458:D000
61    |Info:    [ResourceManager] Registering I2C interface: /dev/i2c-5 Device 0000:0000 Subsystem: 0000:0000
61    |Info:    [ResourceManager] Registering I2C interface: /dev/i2c-12 Device 8086:4680 Subsystem: 1458:D000
61    |Info:    ------------------------------------------------------
61    |Info:    |               Detecting I2C devices                |
61    |Info:    ------------------------------------------------------
509   |Info:    ------------------------------------------------------
509   |Info:    |            Detecting I2C DIMM modules              |
509   |Info:    ------------------------------------------------------
574   |Info:    [ResourceManager] Detected occupied slot 2, bus 12, type Key: G
632   |Info:    [ResourceManager] Detected occupied slot 4, bus 12, type Key: G
632   |Info:    ------------------------------------------------------
632   |Info:    |               Detecting I2C PCI devices            |
632   |Info:    ------------------------------------------------------
634   |Info:    ------------------------------------------------------
634   |Info:    |               Detecting HID devices                |
634   |Info:    ------------------------------------------------------
750   |Info:    [B760M AORUS ELITE AX] Registering RGB controller
750   |Info:    ------------------------------------------------------
750   |Info:    |            Detecting libusb HID devices            |
750   |Info:    ------------------------------------------------------
771   |Info:    ------------------------------------------------------
771   |Info:    |              Detecting other devices               |
771   |Info:    ------------------------------------------------------
777   |Info:    [ResourceManager] Calling Post-detection callbacks
777   |Info:    ------------------------------------------------------
777   |Info:    |                Detection completed                 |
777   |Info:    ------------------------------------------------------
777   |Info:    [ProfileManager] Profile loading: Succeeded for B760M AORUS ELITE AX @ HID: /dev/hidraw1
