    OpenRGB v0.9+ (1.0rc2)
    Commit:  from 
    Launched: 20260104_092220
====================================================================================================

0     |Info:    [ProfileManager] Found file: CoffeeTheme.orp attempting to validate header
0     |Info:    [ProfileManager] Valid v5 profile found for CoffeeTheme
52    |Info:    [ResourceManager] Initializing HID interfaces: Success
52    |Info:    ------------------------------------------------------
52    |Info:    |               Start device detection               |
52    |Info:    ------------------------------------------------------
57    |Info:    ------------------------------------------------------
57    |Info:    |             Detecting I2C interfaces               |
57    |Info:    ------------------------------------------------------
57    |Info:    [ResourceManager] Registering I2C interface: /dev/i2c-3 Device 0000:0000 Subsystem: 0000:0000
57    |Info:    [ResourceManager] Registering I2C interface: /dev/i2c-10 Device 8086:4680 Subsystem: 1458:D000
57    |Info:    [ResourceManager] Registering I2C interface: /dev/i2c-1 Device 0000:0000 Subsystem: 0000:0000
57    |Info:    [ResourceManager] Registering I2C interface: /dev/i2c-8 Device 8086:4680 Subsystem: 1458:D000
57    |Warning: [i2c_smbus_linux] Failed to read i2c device PCI device ID
57    |Info:    [ResourceManager] Registering I2C interface: /dev/i2c-15 Device 0000:0000 Subsystem: 0000:0000
57    |Info:    [ResourceManager] Registering I2C interface: /dev/i2c-6 Device 8086:4680 Subsystem: 1458:D000
57    |Info:    [ResourceManager] Registering I2C interface: /dev/i2c-13 Device 8086:4680 Subsystem: 1458:D000
57    |Info:    [ResourceManager] Registering I2C interface: /dev/i2c-4 Device 0000:0000 Subsystem: 0000:0000
57    |Info:    [ResourceManager] Registering I2C interface: /dev/i2c-11 Device 8086:4680 Subsystem: 1458:D000
57    |Info:    [ResourceManager] Registering I2C interface: /dev/i2c-2 Device 0000:0000 Subsystem: 0000:0000
57    |Info:    [ResourceManager] Registering I2C interface: /dev/i2c-0 Device 0000:0000 Subsystem: 0000:0000
57    |Info:    [ResourceManager] Registering I2C interface: /dev/i2c-9 Device 8086:4680 Subsystem: 1458:D000
57    |Info:    [ResourceManager] Registering I2C interface: /dev/i2c-16 Device 8086:7A23 Subsystem: 1458:5001
57    |Info:    [ResourceManager] Registering I2C interface: /dev/i2c-7 Device 8086:4680 Subsystem: 1458:D000
57    |Info:    [ResourceManager] Registering I2C interface: /dev/i2c-14 Device 8086:4680 Subsystem: 1458:D000
58    |Info:    [ResourceManager] Registering I2C interface: /dev/i2c-5 Device 0000:0000 Subsystem: 0000:0000
58    |Info:    [ResourceManager] Registering I2C interface: /dev/i2c-12 Device 8086:4680 Subsystem: 1458:D000
58    |Info:    ------------------------------------------------------
58    |Info:    |               Detecting I2C devices                |
58    |Info:    ------------------------------------------------------
492   |Info:    ------------------------------------------------------
492   |Info:    |            Detecting I2C DIMM modules              |
492   |Info:    ------------------------------------------------------
498   |Info:    [ResourceManager] Detected occupied slot 2, bus 12, type 0­Wæ
499   |Info:    [ResourceManager] Detected occupied slot 4, bus 12, type 0­Wæ
499   |Info:    ------------------------------------------------------
499   |Info:    |               Detecting I2C PCI devices            |
499   |Info:    ------------------------------------------------------
501   |Info:    ------------------------------------------------------
501   |Info:    |               Detecting HID devices                |
501   |Info:    ------------------------------------------------------
569   |Info:    [B760M AORUS ELITE AX] Registering RGB controller
569   |Info:    ------------------------------------------------------
569   |Info:    |            Detecting libusb HID devices            |
569   |Info:    ------------------------------------------------------
588   |Info:    ------------------------------------------------------
588   |Info:    |              Detecting other devices               |
588   |Info:    ------------------------------------------------------
598   |Info:    [ResourceManager] Calling Post-detection callbacks
598   |Info:    ------------------------------------------------------
598   |Info:    |                Detection completed                 |
598   |Info:    ------------------------------------------------------
2381  |Info:    [ProfileManager] Profile loading: Succeeded for B760M AORUS ELITE AX @ HID: /dev/hidraw2
8753  |Info:    [ProfileManager] Profile loading: Succeeded for B760M AORUS ELITE AX @ HID: /dev/hidraw2
8957  |Info:    [ProfileManager] Profile loading: Succeeded for B760M AORUS ELITE AX @ HID: /dev/hidraw2
9159  |Info:    [ProfileManager] Profile loading: Succeeded for B760M AORUS ELITE AX @ HID: /dev/hidraw2
19917 |Info:    [ProfileManager] Profile loading: Succeeded for B760M AORUS ELITE AX @ HID: /dev/hidraw2
20854 |Info:    [ProfileManager] Profile loading: Succeeded for B760M AORUS ELITE AX @ HID: /dev/hidraw2
38852 |Info:    [ProfileManager] Profile loading: Succeeded for B760M AORUS ELITE AX @ HID: /dev/hidraw2
47186 |Info:    [ProfileManager] Found file: CoffeeTheme.orp attempting to validate header
47186 |Info:    [ProfileManager] Valid v5 profile found for CoffeeTheme
48434 |Info:    [ProfileManager] Found file: CoffeeTheme.orp attempting to validate header
48434 |Info:    [ProfileManager] Valid v5 profile found for CoffeeTheme
48603 |Info:    [ProfileManager] Found file: CoffeeTheme.orp attempting to validate header
48603 |Info:    [ProfileManager] Valid v5 profile found for CoffeeTheme
49938 |Info:    [ProfileManager] Profile loading: Succeeded for B760M AORUS ELITE AX @ HID: /dev/hidraw2
52952 |Info:    [ProfileManager] Found file: CoffeeTheme.orp attempting to validate header
52952 |Info:    [ProfileManager] Valid v5 profile found for CoffeeTheme
