    OpenRGB v0.9+ (1.0rc2)
    Commit:  from 
    Launched: 20251221_093312
====================================================================================================

0     |Info:    [ProfileManager] Found file: CoffeeTheme.orp attempting to validate header
0     |Info:    [ProfileManager] Valid v5 profile found for CoffeeTheme
52    |Info:    [ResourceManager] Initializing HID interfaces: Success
52    |Info:    ------------------------------------------------------
52    |Info:    |               Start device detection               |
52    |Info:    ------------------------------------------------------
56    |Info:    ------------------------------------------------------
56    |Info:    |             Detecting I2C interfaces               |
56    |Info:    ------------------------------------------------------
56    |Info:    [ResourceManager] Registering I2C interface: /dev/i2c-3 Device 0000:0000 Subsystem: 0000:0000
56    |Info:    [ResourceManager] Registering I2C interface: /dev/i2c-10 Device 8086:4680 Subsystem: 1458:D000
56    |Info:    [ResourceManager] Registering I2C interface: /dev/i2c-1 Device 0000:0000 Subsystem: 0000:0000
56    |Info:    [ResourceManager] Registering I2C interface: /dev/i2c-8 Device 8086:4680 Subsystem: 1458:D000
56    |Warning: [i2c_smbus_linux] Failed to read i2c device PCI device ID
56    |Info:    [ResourceManager] Registering I2C interface: /dev/i2c-15 Device 0000:0000 Subsystem: 0000:0000
56    |Info:    [ResourceManager] Registering I2C interface: /dev/i2c-6 Device 8086:4680 Subsystem: 1458:D000
56    |Info:    [ResourceManager] Registering I2C interface: /dev/i2c-13 Device 8086:4680 Subsystem: 1458:D000
56    |Info:    [ResourceManager] Registering I2C interface: /dev/i2c-4 Device 0000:0000 Subsystem: 0000:0000
56    |Info:    [ResourceManager] Registering I2C interface: /dev/i2c-11 Device 8086:4680 Subsystem: 1458:D000
56    |Info:    [ResourceManager] Registering I2C interface: /dev/i2c-2 Device 0000:0000 Subsystem: 0000:0000
56    |Info:    [ResourceManager] Registering I2C interface: /dev/i2c-0 Device 0000:0000 Subsystem: 0000:0000
56    |Info:    [ResourceManager] Registering I2C interface: /dev/i2c-9 Device 8086:4680 Subsystem: 1458:D000
56    |Info:    [ResourceManager] Registering I2C interface: /dev/i2c-16 Device 8086:7A23 Subsystem: 1458:5001
56    |Info:    [ResourceManager] Registering I2C interface: /dev/i2c-7 Device 8086:4680 Subsystem: 1458:D000
56    |Info:    [ResourceManager] Registering I2C interface: /dev/i2c-14 Device 8086:4680 Subsystem: 1458:D000
56    |Info:    [ResourceManager] Registering I2C interface: /dev/i2c-5 Device 0000:0000 Subsystem: 0000:0000
56    |Info:    [ResourceManager] Registering I2C interface: /dev/i2c-12 Device 8086:4680 Subsystem: 1458:D000
56    |Info:    ------------------------------------------------------
56    |Info:    |               Detecting I2C devices                |
56    |Info:    ------------------------------------------------------
504   |Info:    ------------------------------------------------------
505   |Info:    |            Detecting I2C DIMM modules              |
505   |Info:    ------------------------------------------------------
569   |Info:    [ResourceManager] Detected occupied slot 2, bus 12, type Key: F6
629   |Info:    [ResourceManager] Detected occupied slot 4, bus 12, type Key: F6
629   |Info:    ------------------------------------------------------
629   |Info:    |               Detecting I2C PCI devices            |
629   |Info:    ------------------------------------------------------
635   |Info:    ------------------------------------------------------
635   |Info:    |               Detecting HID devices                |
635   |Info:    ------------------------------------------------------
755   |Info:    [B760M AORUS ELITE AX] Registering RGB controller
756   |Info:    ------------------------------------------------------
756   |Info:    |            Detecting libusb HID devices            |
756   |Info:    ------------------------------------------------------
772   |Info:    ------------------------------------------------------
772   |Info:    |              Detecting other devices               |
772   |Info:    ------------------------------------------------------
785   |Info:    [ResourceManager] Calling Post-detection callbacks
785   |Info:    ------------------------------------------------------
785   |Info:    |                Detection completed                 |
785   |Info:    ------------------------------------------------------
786   |Info:    [ProfileManager] Profile loading: Succeeded for B760M AORUS ELITE AX @ HID: /dev/hidraw2
