    OpenRGB v0.9+ (1.0rc2)
    Commit:  from 
    Launched: 20260103_153008
====================================================================================================

0     |Info:    [ProfileManager] Found file: CoffeeTheme.orp attempting to validate header
0     |Info:    [ProfileManager] Valid v5 profile found for CoffeeTheme
52    |Info:    [ResourceManager] Initializing HID interfaces: Success
52    |Info:    ------------------------------------------------------
52    |Info:    |               Start device detection               |
52    |Info:    ------------------------------------------------------
59    |Info:    ------------------------------------------------------
59    |Info:    |             Detecting I2C interfaces               |
59    |Info:    ------------------------------------------------------
59    |Info:    [ResourceManager] Registering I2C interface: /dev/i2c-3 Device 0000:0000 Subsystem: 0000:0000
59    |Info:    [ResourceManager] Registering I2C interface: /dev/i2c-10 Device 8086:4680 Subsystem: 1458:D000
59    |Info:    [ResourceManager] Registering I2C interface: /dev/i2c-1 Device 0000:0000 Subsystem: 0000:0000
59    |Info:    [ResourceManager] Registering I2C interface: /dev/i2c-8 Device 8086:4680 Subsystem: 1458:D000
59    |Warning: [i2c_smbus_linux] Failed to read i2c device PCI device ID
59    |Info:    [ResourceManager] Registering I2C interface: /dev/i2c-15 Device 0000:0000 Subsystem: 0000:0000
59    |Info:    [ResourceManager] Registering I2C interface: /dev/i2c-6 Device 8086:4680 Subsystem: 1458:D000
59    |Info:    [ResourceManager] Registering I2C interface: /dev/i2c-13 Device 8086:4680 Subsystem: 1458:D000
59    |Info:    [ResourceManager] Registering I2C interface: /dev/i2c-4 Device 0000:0000 Subsystem: 0000:0000
59    |Info:    [ResourceManager] Registering I2C interface: /dev/i2c-11 Device 8086:4680 Subsystem: 1458:D000
59    |Info:    [ResourceManager] Registering I2C interface: /dev/i2c-2 Device 0000:0000 Subsystem: 0000:0000
59    |Info:    [ResourceManager] Registering I2C interface: /dev/i2c-0 Device 0000:0000 Subsystem: 0000:0000
60    |Info:    [ResourceManager] Registering I2C interface: /dev/i2c-9 Device 8086:4680 Subsystem: 1458:D000
60    |Info:    [ResourceManager] Registering I2C interface: /dev/i2c-16 Device 8086:7A23 Subsystem: 1458:5001
60    |Info:    [ResourceManager] Registering I2C interface: /dev/i2c-7 Device 8086:4680 Subsystem: 1458:D000
60    |Info:    [ResourceManager] Registering I2C interface: /dev/i2c-14 Device 8086:4680 Subsystem: 1458:D000
60    |Info:    [ResourceManager] Registering I2C interface: /dev/i2c-5 Device 0000:0000 Subsystem: 0000:0000
60    |Info:    [ResourceManager] Registering I2C interface: /dev/i2c-12 Device 8086:4680 Subsystem: 1458:D000
60    |Info:    ------------------------------------------------------
60    |Info:    |               Detecting I2C devices                |
60    |Info:    ------------------------------------------------------
509   |Info:    ------------------------------------------------------
509   |Info:    |            Detecting I2C DIMM modules              |
509   |Info:    ------------------------------------------------------
515   |Info:    [ResourceManager] Detected occupied slot 2, bus 12, type Reserved
520   |Info:    [ResourceManager] Detected occupied slot 4, bus 12, type Reserved
536   |Info:    ------------------------------------------------------
536   |Info:    |               Detecting I2C PCI devices            |
536   |Info:    ------------------------------------------------------
541   |Info:    ------------------------------------------------------
541   |Info:    |               Detecting HID devices                |
541   |Info:    ------------------------------------------------------
661   |Info:    [B760M AORUS ELITE AX] Registering RGB controller
661   |Info:    ------------------------------------------------------
661   |Info:    |            Detecting libusb HID devices            |
661   |Info:    ------------------------------------------------------
684   |Info:    ------------------------------------------------------
685   |Info:    |              Detecting other devices               |
685   |Info:    ------------------------------------------------------
697   |Info:    [ResourceManager] Calling Post-detection callbacks
697   |Info:    ------------------------------------------------------
697   |Info:    |                Detection completed                 |
697   |Info:    ------------------------------------------------------
12064 |Info:    [ProfileManager] Found file: CoffeeTheme.orp attempting to validate header
12064 |Info:    [ProfileManager] Valid v5 profile found for CoffeeTheme
