    OpenRGB v0.9+ (1.0rc2)
    Commit:  from 
    Launched: 20260101_100147
====================================================================================================

0     |Info:    [ProfileManager] Found file: CoffeeTheme.orp attempting to validate header
0     |Info:    [ProfileManager] Valid v5 profile found for CoffeeTheme
52    |Info:    [ResourceManager] Initializing HID interfaces: Success
52    |Info:    ------------------------------------------------------
52    |Info:    |               Start device detection               |
52    |Info:    ------------------------------------------------------
58    |Info:    ------------------------------------------------------
58    |Info:    |             Detecting I2C interfaces               |
58    |Info:    ------------------------------------------------------
58    |Info:    [ResourceManager] Registering I2C interface: /dev/i2c-3 Device 0000:0000 Subsystem: 0000:0000
58    |Info:    [ResourceManager] Registering I2C interface: /dev/i2c-10 Device 8086:4680 Subsystem: 1458:D000
58    |Info:    [ResourceManager] Registering I2C interface: /dev/i2c-1 Device 0000:0000 Subsystem: 0000:0000
58    |Info:    [ResourceManager] Registering I2C interface: /dev/i2c-8 Device 8086:4680 Subsystem: 1458:D000
58    |Warning: [i2c_smbus_linux] Failed to read i2c device PCI device ID
58    |Info:    [ResourceManager] Registering I2C interface: /dev/i2c-15 Device 0000:0000 Subsystem: 0000:0000
58    |Info:    [ResourceManager] Registering I2C interface: /dev/i2c-6 Device 8086:4680 Subsystem: 1458:D000
58    |Info:    [ResourceManager] Registering I2C interface: /dev/i2c-13 Device 8086:4680 Subsystem: 1458:D000
58    |Info:    [ResourceManager] Registering I2C interface: /dev/i2c-4 Device 0000:0000 Subsystem: 0000:0000
58    |Info:    [ResourceManager] Registering I2C interface: /dev/i2c-11 Device 8086:4680 Subsystem: 1458:D000
58    |Info:    [ResourceManager] Registering I2C interface: /dev/i2c-2 Device 0000:0000 Subsystem: 0000:0000
59    |Info:    [ResourceManager] Registering I2C interface: /dev/i2c-0 Device 0000:0000 Subsystem: 0000:0000
59    |Info:    [ResourceManager] Registering I2C interface: /dev/i2c-9 Device 8086:4680 Subsystem: 1458:D000
59    |Info:    [ResourceManager] Registering I2C interface: /dev/i2c-16 Device 8086:7A23 Subsystem: 1458:5001
59    |Info:    [ResourceManager] Registering I2C interface: /dev/i2c-7 Device 8086:4680 Subsystem: 1458:D000
59    |Info:    [ResourceManager] Registering I2C interface: /dev/i2c-14 Device 8086:4680 Subsystem: 1458:D000
59    |Info:    [ResourceManager] Registering I2C interface: /dev/i2c-5 Device 0000:0000 Subsystem: 0000:0000
59    |Info:    [ResourceManager] Registering I2C interface: /dev/i2c-12 Device 8086:4680 Subsystem: 1458:D000
59    |Info:    ------------------------------------------------------
59    |Info:    |               Detecting I2C devices                |
59    |Info:    ------------------------------------------------------
491   |Info:    ------------------------------------------------------
491   |Info:    |            Detecting I2C DIMM modules              |
491   |Info:    ------------------------------------------------------
555   |Info:    [ResourceManager] Detected occupied slot 2, bus 12, type Û˙UHâÂAWIâ˜AVIâ˛AUAâ’ATSHÉ‰‡HÅÏ 
615   |Info:    [ResourceManager] Detected occupied slot 4, bus 12, type Reserved
631   |Info:    ------------------------------------------------------
631   |Info:    |               Detecting I2C PCI devices            |
631   |Info:    ------------------------------------------------------
632   |Info:    ------------------------------------------------------
632   |Info:    |               Detecting HID devices                |
632   |Info:    ------------------------------------------------------
749   |Info:    [B760M AORUS ELITE AX] Registering RGB controller
750   |Info:    ------------------------------------------------------
750   |Info:    |            Detecting libusb HID devices            |
750   |Info:    ------------------------------------------------------
757   |Info:    ------------------------------------------------------
757   |Info:    |              Detecting other devices               |
757   |Info:    ------------------------------------------------------
765   |Info:    [ResourceManager] Calling Post-detection callbacks
765   |Info:    ------------------------------------------------------
765   |Info:    |                Detection completed                 |
765   |Info:    ------------------------------------------------------
765   |Info:    [ProfileManager] Profile loading: Succeeded for B760M AORUS ELITE AX @ HID: /dev/hidraw1
