    OpenRGB v0.9+ (1.0rc2)
    Commit:  from 
    Launched: 20260101_083957
====================================================================================================

0     |Info:    [ProfileManager] Found file: CoffeeTheme.orp attempting to validate header
0     |Info:    [ProfileManager] Valid v5 profile found for CoffeeTheme
52    |Info:    [ResourceManager] Initializing HID interfaces: Success
52    |Info:    ------------------------------------------------------
52    |Info:    |               Start device detection               |
52    |Info:    ------------------------------------------------------
60    |Info:    ------------------------------------------------------
60    |Info:    |             Detecting I2C interfaces               |
60    |Info:    ------------------------------------------------------
60    |Info:    [ResourceManager] Registering I2C interface: /dev/i2c-3 Device 0000:0000 Subsystem: 0000:0000
60    |Info:    [ResourceManager] Registering I2C interface: /dev/i2c-10 Device 8086:4680 Subsystem: 1458:D000
60    |Info:    [ResourceManager] Registering I2C interface: /dev/i2c-1 Device 0000:0000 Subsystem: 0000:0000
60    |Info:    [ResourceManager] Registering I2C interface: /dev/i2c-8 Device 8086:4680 Subsystem: 1458:D000
60    |Warning: [i2c_smbus_linux] Failed to read i2c device PCI device ID
60    |Info:    [ResourceManager] Registering I2C interface: /dev/i2c-15 Device 0000:0000 Subsystem: 0000:0000
60    |Info:    [ResourceManager] Registering I2C interface: /dev/i2c-6 Device 8086:4680 Subsystem: 1458:D000
60    |Info:    [ResourceManager] Registering I2C interface: /dev/i2c-13 Device 8086:4680 Subsystem: 1458:D000
60    |Info:    [ResourceManager] Registering I2C interface: /dev/i2c-4 Device 0000:0000 Subsystem: 0000:0000
60    |Info:    [ResourceManager] Registering I2C interface: /dev/i2c-11 Device 8086:4680 Subsystem: 1458:D000
60    |Info:    [ResourceManager] Registering I2C interface: /dev/i2c-2 Device 0000:0000 Subsystem: 0000:0000
60    |Info:    [ResourceManager] Registering I2C interface: /dev/i2c-0 Device 0000:0000 Subsystem: 0000:0000
61    |Info:    [ResourceManager] Registering I2C interface: /dev/i2c-9 Device 8086:4680 Subsystem: 1458:D000
61    |Info:    [ResourceManager] Registering I2C interface: /dev/i2c-16 Device 8086:7A23 Subsystem: 1458:5001
61    |Info:    [ResourceManager] Registering I2C interface: /dev/i2c-7 Device 8086:4680 Subsystem: 1458:D000
61    |Info:    [ResourceManager] Registering I2C interface: /dev/i2c-14 Device 8086:4680 Subsystem: 1458:D000
61    |Info:    [ResourceManager] Registering I2C interface: /dev/i2c-5 Device 0000:0000 Subsystem: 0000:0000
61    |Info:    [ResourceManager] Registering I2C interface: /dev/i2c-12 Device 8086:4680 Subsystem: 1458:D000
61    |Info:    ------------------------------------------------------
61    |Info:    |               Detecting I2C devices                |
61    |Info:    ------------------------------------------------------
497   |Info:    ------------------------------------------------------
497   |Info:    |            Detecting I2C DIMM modules              |
497   |Info:    ------------------------------------------------------
563   |Info:    [ResourceManager] Detected occupied slot 2, bus 12, type Key: 6
623   |Info:    [ResourceManager] Detected occupied slot 4, bus 12, type Key: 6
623   |Info:    ------------------------------------------------------
623   |Info:    |               Detecting I2C PCI devices            |
623   |Info:    ------------------------------------------------------
625   |Info:    ------------------------------------------------------
625   |Info:    |               Detecting HID devices                |
625   |Info:    ------------------------------------------------------
741   |Info:    [B760M AORUS ELITE AX] Registering RGB controller
741   |Info:    ------------------------------------------------------
741   |Info:    |            Detecting libusb HID devices            |
741   |Info:    ------------------------------------------------------
748   |Info:    ------------------------------------------------------
748   |Info:    |              Detecting other devices               |
748   |Info:    ------------------------------------------------------
755   |Info:    [ResourceManager] Calling Post-detection callbacks
755   |Info:    ------------------------------------------------------
755   |Info:    |                Detection completed                 |
755   |Info:    ------------------------------------------------------
755   |Info:    [ProfileManager] Profile loading: Succeeded for B760M AORUS ELITE AX @ HID: /dev/hidraw1
